<?xml version="1.0" encoding="UTF-8"?>
<!-- Generated by org.testng.reporters.JUnitReportReporter -->
<testsuite skipped="1" hostname="DESKTOP-8T7H1GT" name="api_restassured.RestAssuredDemo001_GoogleMapAPI" tests="4" failures="0" timestamp="05 Mar 2018 16:53:48 GMT" time="4.785" errors="0">
  <testcase name="apitest002" time="0.297" classname="api_restassured.RestAssuredDemo001_GoogleMapAPI"/>
  <testcase name="apitest001" time="2.972" classname="api_restassured.RestAssuredDemo001_GoogleMapAPI"/>
  <testcase name="apitest003" time="1.516" classname="api_restassured.RestAssuredDemo001_GoogleMapAPI"/>
  <testcase name="apitest004" classname="api_restassured.RestAssuredDemo001_GoogleMapAPI">
    <skipped/>
  </testcase> <!-- apitest004 -->
</testsuite> <!-- api_restassured.RestAssuredDemo001_GoogleMapAPI -->
