<?xml version="1.0" encoding="UTF-8"?>
<!-- Generated by org.testng.reporters.JUnitReportReporter -->
<testsuite skipped="0" hostname="DESKTOP-8T7H1GT" name="js.SliderActionsDemo" tests="1" failures="0" timestamp="23 Nov 2017 06:22:35 GMT" time="14.879" errors="0">
  <testcase name="testSliderActions" time="14.879" classname="js.SliderActionsDemo"/>
</testsuite> <!-- js.SliderActionsDemo -->
