<?xml version="1.0" encoding="UTF-8"?>
<!-- Generated by org.testng.reporters.JUnitReportReporter -->
<testsuite skipped="0" hostname="DESKTOP-8T7H1GT" name="testng_preserve.TestNG_Preserve2" tests="2" failures="0" timestamp="18 Dec 2017 05:35:30 GMT" time="0.031" errors="0">
  <testcase name="testMethod2" time="0.015" classname="testng_preserve.TestNG_Preserve2"/>
  <testcase name="testMethod1" time="0.016" classname="testng_preserve.TestNG_Preserve2"/>
</testsuite> <!-- testng_preserve.TestNG_Preserve2 -->
