<?xml version="1.0" encoding="UTF-8"?>
<!-- Generated by org.testng.reporters.JUnitReportReporter -->
<testsuite skipped="0" hostname="DESKTOP-8T7H1GT" name="com.test.mystore.ui_tests.LoginDemoPageFactory" tests="1" failures="0" timestamp="06 Nov 2017 07:56:42 GMT" time="45.454" errors="0">
  <testcase name="t01_LoginPageFactoryDemo" time="45.454" classname="com.test.mystore.ui_tests.LoginDemoPageFactory"/>
</testsuite> <!-- com.test.mystore.ui_tests.LoginDemoPageFactory -->
