<?xml version="1.0" encoding="UTF-8"?>
<!-- Generated by org.testng.reporters.JUnitReportReporter -->
<testsuite skipped="0" hostname="DESKTOP-8T7H1GT" name="fileupload.FileUploadWindows1" tests="1" failures="0" timestamp="21 Dec 2017 05:36:48 GMT" time="15.115" errors="0">
  <testcase name="fileUpload" time="15.115" classname="fileupload.FileUploadWindows1"/>
</testsuite> <!-- fileupload.FileUploadWindows1 -->
