<?xml version="1.0" encoding="UTF-8"?>
<!-- Generated by org.testng.reporters.JUnitReportReporter -->
<testsuite skipped="0" hostname="DESKTOP-8T7H1GT" name="SeleniumTestDemo01.MultipleSelectDemo" tests="1" failures="0" timestamp="14 Dec 2017 07:01:49 GMT" time="34.195" errors="0">
  <testcase name="testMultiSelect" time="34.195" classname="SeleniumTestDemo01.MultipleSelectDemo"/>
</testsuite> <!-- SeleniumTestDemo01.MultipleSelectDemo -->
