<?xml version="1.0" encoding="UTF-8"?>
<!-- Generated by org.testng.reporters.JUnitReportReporter -->
<testsuite skipped="0" hostname="DESKTOP-8T7H1GT" name="webelems.Autocomplete" tests="1" failures="0" timestamp="26 Feb 2018 09:03:02 GMT" time="18.310" errors="0">
  <testcase name="testAutocomplete" time="18.310" classname="webelems.Autocomplete"/>
</testsuite> <!-- webelems.Autocomplete -->
