<?xml version="1.0" encoding="UTF-8"?>
<!-- Generated by org.testng.reporters.JUnitReportReporter -->
<testsuite skipped="0" hostname="DESKTOP-8T7H1GT" name="headless.ChromeHeadlessDemo" tests="1" failures="0" timestamp="23 Nov 2017 07:50:59 GMT" time="31.108" errors="0">
  <testcase name="test1" time="31.108" classname="headless.ChromeHeadlessDemo"/>
</testsuite> <!-- headless.ChromeHeadlessDemo -->
