<?xml version="1.0" encoding="UTF-8"?>
<!-- Generated by org.testng.reporters.JUnitReportReporter -->
<testsuite skipped="0" hostname="DESKTOP-8T7H1GT" name="js.WindowSize" tests="1" failures="0" timestamp="20 Nov 2017 07:47:32 GMT" time="34.854" errors="0">
  <testcase name="testJavaScriptExecution" time="34.854" classname="js.WindowSize"/>
</testsuite> <!-- js.WindowSize -->
