<?xml version="1.0" encoding="UTF-8"?>
<!-- Generated by org.testng.reporters.JUnitReportReporter -->
<testsuite skipped="0" hostname="DESKTOP-8T7H1GT" name="testng_priority.TestNG_PrioritiyTest2" tests="3" failures="0" timestamp="18 Dec 2017 05:33:17 GMT" time="0.000" errors="0">
  <testcase name="testMethod3" time="0.000" classname="testng_priority.TestNG_PrioritiyTest2"/>
  <testcase name="testMethod1" time="0.000" classname="testng_priority.TestNG_PrioritiyTest2"/>
  <testcase name="testMethod2" time="0.000" classname="testng_priority.TestNG_PrioritiyTest2"/>
</testsuite> <!-- testng_priority.TestNG_PrioritiyTest2 -->
