<?xml version="1.0" encoding="UTF-8"?>
<!-- Generated by org.testng.reporters.JUnitReportReporter -->
<testsuite skipped="0" hostname="DESKTOP-8T7H1GT" name="api_restassured.RestDemo001" tests="1" failures="0" timestamp="04 Mar 2018 18:22:38 GMT" time="2.109" errors="0">
  <testcase name="apitest001" time="2.109" classname="api_restassured.RestDemo001"/>
</testsuite> <!-- api_restassured.RestDemo001 -->
