<?xml version="1.0" encoding="UTF-8"?>
<!-- Generated by org.testng.reporters.JUnitReportReporter -->
<testsuite skipped="0" hostname="DESKTOP-8T7H1GT" name="testng_groups.TestNG_Grouping" tests="3" failures="0" timestamp="18 Dec 2017 05:48:24 GMT" time="0.000" errors="0">
  <testcase name="testHondaCBR" time="0.000" classname="testng_groups.TestNG_Grouping"/>
  <testcase name="testBMWX6" time="0.000" classname="testng_groups.TestNG_Grouping"/>
  <testcase name="testNinja" time="0.000" classname="testng_groups.TestNG_Grouping"/>
</testsuite> <!-- testng_groups.TestNG_Grouping -->
