<?xml version="1.0" encoding="UTF-8"?>
<!-- Generated by org.testng.reporters.JUnitReportReporter -->
<testsuite skipped="0" hostname="DESKTOP-8T7H1GT" name="testng_priority.TestNG_Prioritiy" tests="3" failures="0" timestamp="18 Dec 2017 05:16:59 GMT" time="0.010" errors="0">
  <testcase name="testMethod3" time="0.007" classname="testng_priority.TestNG_Prioritiy"/>
  <testcase name="testMethod2" time="0.002" classname="testng_priority.TestNG_Prioritiy"/>
  <testcase name="testMethod1" time="0.001" classname="testng_priority.TestNG_Prioritiy"/>
</testsuite> <!-- testng_priority.TestNG_Prioritiy -->
