<?xml version="1.0" encoding="UTF-8"?>
<!-- Generated by org.testng.reporters.JUnitReportReporter -->
<testsuite skipped="0" hostname="DESKTOP-8T7H1GT" name="js.ScrollingElementIntoView" tests="1" failures="0" timestamp="20 Nov 2017 07:29:39 GMT" time="26.193" errors="0">
  <testcase name="testJavaScriptExecution" time="26.193" classname="js.ScrollingElementIntoView"/>
</testsuite> <!-- js.ScrollingElementIntoView -->
