<?xml version="1.0" encoding="UTF-8"?>
<!-- Generated by org.testng.reporters.JUnitReportReporter -->
<testsuite skipped="0" hostname="DESKTOP-8T7H1GT" name="js.DragAndDropActionsDemo" tests="1" failures="0" timestamp="23 Nov 2017 06:26:37 GMT" time="20.751" errors="0">
  <testcase name="testDragAndDrop" time="20.751" classname="js.DragAndDropActionsDemo"/>
</testsuite> <!-- js.DragAndDropActionsDemo -->
