<?xml version="1.0" encoding="UTF-8"?>
<!-- Generated by org.testng.reporters.JUnitReportReporter -->
<testsuite skipped="0" hostname="DESKTOP-8T7H1GT" name="excel.XLSlDataProviderTestNGDemo" tests="15" failures="0" timestamp="15 Mar 2018 11:48:21 GMT" time="0.126" errors="0">
  <testcase name="test01" time="0.001" classname="excel.XLSlDataProviderTestNGDemo"/>
  <testcase name="test02" time="0.004" classname="excel.XLSlDataProviderTestNGDemo"/>
  <testcase name="test01" time="0.004" classname="excel.XLSlDataProviderTestNGDemo"/>
  <testcase name="test02" time="0.001" classname="excel.XLSlDataProviderTestNGDemo"/>
  <testcase name="test02" time="0.006" classname="excel.XLSlDataProviderTestNGDemo"/>
  <testcase name="test02" time="0.003" classname="excel.XLSlDataProviderTestNGDemo"/>
  <testcase name="test01" time="0.003" classname="excel.XLSlDataProviderTestNGDemo"/>
  <testcase name="test01" time="0.049" classname="excel.XLSlDataProviderTestNGDemo"/>
  <testcase name="test01" time="0.004" classname="excel.XLSlDataProviderTestNGDemo"/>
  <testcase name="test01" time="0.002" classname="excel.XLSlDataProviderTestNGDemo"/>
  <testcase name="test01" time="0.001" classname="excel.XLSlDataProviderTestNGDemo"/>
  <testcase name="test01" time="0.006" classname="excel.XLSlDataProviderTestNGDemo"/>
  <testcase name="test01" time="0.029" classname="excel.XLSlDataProviderTestNGDemo"/>
  <testcase name="test01" time="0.009" classname="excel.XLSlDataProviderTestNGDemo"/>
  <testcase name="test02" time="0.004" classname="excel.XLSlDataProviderTestNGDemo"/>
</testsuite> <!-- excel.XLSlDataProviderTestNGDemo -->
