<?xml version="1.0" encoding="UTF-8"?>
<!-- Generated by org.testng.reporters.JUnitReportReporter -->
<testsuite skipped="0" hostname="DESKTOP-8T7H1GT" name="webelems.CalendarSelection" tests="1" failures="0" timestamp="26 Feb 2018 09:06:20 GMT" time="26.777" errors="0">
  <testcase name="test1" time="26.777" classname="webelems.CalendarSelection"/>
</testsuite> <!-- webelems.CalendarSelection -->
