<?xml version="1.0" encoding="UTF-8"?>
<!-- Generated by org.testng.reporters.JUnitReportReporter -->
<testsuite skipped="0" hostname="DESKTOP-8T7H1GT" name="SeleniumTestDemo01.MyStoreDemo1" tests="3" failures="0" timestamp="02 Nov 2017 06:33:30 GMT" time="4.259" errors="0">
  <testcase name="t03_verifyMyAccountPage" time="1.994" classname="SeleniumTestDemo01.MyStoreDemo1"/>
  <testcase name="t01_verifyHomePage" time="0.096" classname="SeleniumTestDemo01.MyStoreDemo1"/>
  <testcase name="t02_verifyLoginPage" time="2.169" classname="SeleniumTestDemo01.MyStoreDemo1"/>
</testsuite> <!-- SeleniumTestDemo01.MyStoreDemo1 -->
