<?xml version="1.0" encoding="UTF-8"?>
<!-- Generated by org.testng.reporters.JUnitReportReporter -->
<testsuite skipped="1" hostname="DESKTOP-8T7H1GT" name="com.test.mystore.ui_tests.MyAcctLinkNavigations" tests="2" failures="0" timestamp="08 Nov 2017 07:56:13 GMT" time="23.272" errors="1">
  <testcase name="t01_goToMyAccountLinks" time="23.272" classname="com.test.mystore.ui_tests.MyAcctLinkNavigations">
    <error type="java.lang.NullPointerException">
      <![CDATA[java.lang.NullPointerException
	at com.lib.util.LogUtil.log(LogUtil.java:45)
	at com.lib.genWeb.SelWebDriverUtil.takeScreenShotAndAttachToExtent(SelWebDriverUtil.java:85)
	at com.lib.util.listeners.Retry.extendReportsFailOperations(Retry.java:38)
	at com.lib.util.listeners.Retry.retry(Retry.java:26)
	at org.testng.internal.Invoker.handleInvocationResults(Invoker.java:1424)
	at org.testng.internal.Invoker.invokeMethod(Invoker.java:695)
	at org.testng.internal.Invoker.invokeTestMethod(Invoker.java:869)
	at org.testng.internal.Invoker.invokeTestMethods(Invoker.java:1193)
	at org.testng.internal.TestMethodWorker.invokeTestMethods(TestMethodWorker.java:126)
	at org.testng.internal.TestMethodWorker.run(TestMethodWorker.java:109)
	at org.testng.TestRunner.privateRun(TestRunner.java:744)
	at org.testng.TestRunner.run(TestRunner.java:602)
	at org.testng.SuiteRunner.runTest(SuiteRunner.java:380)
	at org.testng.SuiteRunner.access$000(SuiteRunner.java:39)
	at org.testng.SuiteRunner$SuiteWorker.run(SuiteRunner.java:414)
	at org.testng.internal.thread.ThreadUtil$1.call(ThreadUtil.java:52)
	at java.util.concurrent.FutureTask.run(Unknown Source)
	at java.util.concurrent.ThreadPoolExecutor.runWorker(Unknown Source)
	at java.util.concurrent.ThreadPoolExecutor$Worker.run(Unknown Source)
	at java.lang.Thread.run(Unknown Source)
]]>
    </error>
  </testcase> <!-- t01_goToMyAccountLinks -->
  <testcase name="t01_goToMyAccountLinks" time="0.000" classname="com.test.mystore.ui_tests.MyAcctLinkNavigations">
    <skipped/>
  </testcase> <!-- t01_goToMyAccountLinks -->
</testsuite> <!-- com.test.mystore.ui_tests.MyAcctLinkNavigations -->
