<?xml version="1.0" encoding="UTF-8"?>
<!-- Generated by org.testng.reporters.JUnitReportReporter -->
<testsuite skipped="1" hostname="DESKTOP-8T7H1GT" name="com.test.mystore.ui_tests.Login_Logout" tests="3" failures="0" timestamp="08 Nov 2017 13:49:43 GMT" time="110.327" errors="0">
  <testcase name="t01_Login" time="31.001" classname="com.test.mystore.ui_tests.Login_Logout"/>
  <testcase name="t01_Login" time="33.251" classname="com.test.mystore.ui_tests.Login_Logout"/>
  <testcase name="t01_Login" time="46.075" classname="com.test.mystore.ui_tests.Login_Logout">
    <skipped/>
  </testcase> <!-- t01_Login -->
</testsuite> <!-- com.test.mystore.ui_tests.Login_Logout -->
