<?xml version="1.0" encoding="UTF-8"?>
<!-- Generated by org.testng.reporters.JUnitReportReporter -->
<testsuite skipped="0" hostname="DESKTOP-8T7H1GT" name="testnglisteners.TestClass1" tests="1" failures="0" timestamp="13 Nov 2017 11:56:29 GMT" time="10.593" errors="0">
  <testcase name="testClass1_test1" time="10.593" classname="testnglisteners.TestClass1"/>
</testsuite> <!-- testnglisteners.TestClass1 -->
