<?xml version="1.0" encoding="UTF-8"?>
<!-- Generated by org.testng.reporters.JUnitReportReporter -->
<testsuite skipped="0" hostname="DESKTOP-8T7H1GT" name="js.JavaScriptExecution" tests="1" failures="0" timestamp="20 Nov 2017 07:22:41 GMT" time="14.674" errors="0">
  <testcase name="testJavaScriptExecution" time="14.674" classname="js.JavaScriptExecution"/>
</testsuite> <!-- js.JavaScriptExecution -->
