<?xml version="1.0" encoding="UTF-8"?>
<!-- Generated by org.testng.reporters.JUnitReportReporter -->
<testsuite skipped="0" hostname="DESKTOP-8T7H1GT" name="js.MouseHoverActionsDemo" tests="1" failures="0" timestamp="23 Nov 2017 06:07:29 GMT" time="28.249" errors="0">
  <testcase name="testMouseHoverActions" time="28.249" classname="js.MouseHoverActionsDemo"/>
</testsuite> <!-- js.MouseHoverActionsDemo -->
